<?xml version="1.0" encoding="UTF-8"?>
<!-- Generated by org.testng.reporters.JUnitXMLReporter -->
<testsuite ignored="0" hostname="Aditya" failures="0" tests="3" name="Surefire test" time="3.157" errors="0" timestamp="2025-10-25T01:47:38 IST">
  <testcase classname="com.ecommerce.EcommerceTest" name="validLogin" time="1.272"/>
  <testcase classname="com.ecommerce.EcommerceTest" name="invalidLogin" time="0.185"/>
  <testcase classname="com.ecommerce.EcommerceTest" name="addToCartTest" time="0.245"/>
</testsuite> <!-- Surefire test -->
